<?xml version="1.0" encoding="UTF-8"?>
<testng-results skipped="0" failed="0" ignored="0" total="1" passed="1">
  <reporter-output>
  </reporter-output>
  <suite name="Default suite" duration-ms="194134" started-at="2018-06-24T06:13:58Z" finished-at="2018-06-24T06:17:12Z">
    <groups>
    </groups>
    <test name="Default test" duration-ms="194134" started-at="2018-06-24T06:13:58Z" finished-at="2018-06-24T06:17:12Z">
      <class name="AyushXpath">
        <test-method status="PASS" signature="Setup()[pri:0, instance:AyushXpath@52feb982]" name="Setup" is-config="true" duration-ms="21" started-at="2018-06-24T06:13:58Z" finished-at="2018-06-24T06:13:58Z">
          <reporter-output>
          </reporter-output>
        </test-method> <!-- Setup -->
        <test-method status="PASS" signature="mainFunction()[pri:0, instance:AyushXpath@52feb982]" name="mainFunction" duration-ms="194095" started-at="2018-06-24T06:13:58Z" finished-at="2018-06-24T06:17:12Z">
          <reporter-output>
          </reporter-output>
        </test-method> <!-- mainFunction -->
      </class> <!-- AyushXpath -->
    </test> <!-- Default test -->
  </suite> <!-- Default suite -->
</testng-results>
